<?xml version="1.0" encoding="UTF-8"?>
<!-- Generated by org.testng.reporters.JUnitXMLReporter -->
<testsuite hostname="liuzhedeMacBook-Pro.local" ignored="0" name="/Users/liuzhe/Desktop/peixun/unittest/unittest/XunitDemo" tests="14" failures="1" timestamp="24 Mar 2019 03:12:12 GMT" time="0.126" errors="0">
  <testcase name="testLogin" time="0.022" classname="TestLogin.LoginTest"/>
  <testcase name="getPrice" time="0.006" classname="TestLogin.ShoppingsTest"/>
  <testcase name="getPrice" time="0.001" classname="TestLogin.ShoppingsTest"/>
  <testcase name="getPrice" time="0.0" classname="TestLogin.ShoppingsTest"/>
  <testcase name="getPrice" time="0.0" classname="TestLogin.ShoppingsTest"/>
  <testcase name="getPrice" time="0.0" classname="TestLogin.ShoppingsTest"/>
  <testcase name="getPrice" time="0.0" classname="TestLogin.ShoppingBuyTest"/>
  <testcase name="getPrice" time="0.0" classname="TestLogin.ShoppingBuyTest"/>
  <testcase name="getPrice" time="0.0" classname="TestLogin.ShoppingBuyTest"/>
  <testcase name="getPrice" time="0.0" classname="TestLogin.ShoppingBuyTest"/>
  <testcase name="getPrice" time="0.0" classname="TestLogin.ShoppingBuyTest"/>
  <testcase name="getPrice" time="0.0" classname="TestLogin.ShoppingBuyTest"/>
  <testcase name="getPrice" time="0.0" classname="TestLogin.ShoppingBuyTest"/>
  <testcase name="getPrice" time="0.005" classname="TestLogin.ShoppingBuyTest">
    <failure type="org.testng.internal.reflect.MethodMatcherException" message="
Data provider mismatch
Method: getPrice([Parameter{index=0, type=int, declaredAnnotations=[]}, Parameter{index=1, type=int, declaredAnnotations=[]}, Parameter{index=2, type=int, declaredAnnotations=[]}])
Arguments: [(java.lang.Integer) 3,(java.lang.String) 十,(java.lang.Integer) 1]">
      <![CDATA[org.testng.internal.reflect.MethodMatcherException: 
Data provider mismatch
Method: getPrice([Parameter{index=0, type=int, declaredAnnotations=[]}, Parameter{index=1, type=int, declaredAnnotations=[]}, Parameter{index=2, type=int, declaredAnnotations=[]}])
Arguments: [(java.lang.Integer) 3,(java.lang.String) 十,(java.lang.Integer) 1]
at com.intellij.rt.execution.application.AppMain.main(AppMain.java:147)
... Removed 23 stack frames]]>
    </failure>
  </testcase> <!-- getPrice -->
</testsuite> <!-- /Users/liuzhe/Desktop/peixun/unittest/unittest/XunitDemo -->
