<?xml version="1.0" encoding="UTF-8"?>
<testng-results skipped="0" failed="0" ignored="0" total="4" passed="4">
  <reporter-output>
  </reporter-output>
  <suite name="All Test Suite" duration-ms="143" started-at="2019-03-23T13:01:29Z" finished-at="2019-03-23T13:01:29Z">
    <groups>
    </groups>
    <test name="/Users/liuzhe/Desktop/peixun/unittest/unittest/XunitDemo" duration-ms="143" started-at="2019-03-23T13:01:29Z" finished-at="2019-03-23T13:01:29Z">
      <class name="TestLogin.ShoppingTest">
        <test-method status="PASS" signature="getPrice(int, int)[pri:0, instance:TestLogin.ShoppingTest@1888ff2c]" name="getPrice" duration-ms="23" started-at="2019-03-23T13:01:29Z" data-provider="getPrice" finished-at="2019-03-23T13:01:29Z">
          <params>
            <param index="0">
              <value>
                <![CDATA[1]]>
              </value>
            </param>
            <param index="1">
              <value>
                <![CDATA[200]]>
              </value>
            </param>
          </params>
          <reporter-output>
          </reporter-output>
        </test-method> <!-- getPrice -->
        <test-method status="PASS" signature="getPrice(int, int)[pri:0, instance:TestLogin.ShoppingTest@1888ff2c]" name="getPrice" duration-ms="1" started-at="2019-03-23T13:01:29Z" data-provider="getPrice" finished-at="2019-03-23T13:01:29Z">
          <params>
            <param index="0">
              <value>
                <![CDATA[2]]>
              </value>
            </param>
            <param index="1">
              <value>
                <![CDATA[120]]>
              </value>
            </param>
          </params>
          <reporter-output>
          </reporter-output>
        </test-method> <!-- getPrice -->
        <test-method status="PASS" signature="getPrice(int, int)[pri:0, instance:TestLogin.ShoppingTest@1888ff2c]" name="getPrice" duration-ms="0" started-at="2019-03-23T13:01:29Z" data-provider="getPrice" finished-at="2019-03-23T13:01:29Z">
          <params>
            <param index="0">
              <value>
                <![CDATA[3]]>
              </value>
            </param>
            <param index="1">
              <value>
                <![CDATA[80]]>
              </value>
            </param>
          </params>
          <reporter-output>
          </reporter-output>
        </test-method> <!-- getPrice -->
      </class> <!-- TestLogin.ShoppingTest -->
      <class name="TestLogin.LoginTest">
        <test-method status="PASS" signature="userLogin2Test()[pri:0, instance:TestLogin.LoginTest@6e3c1e69]" name="userLogin2Test" duration-ms="21" started-at="2019-03-23T13:01:29Z" finished-at="2019-03-23T13:01:29Z">
          <reporter-output>
          </reporter-output>
        </test-method> <!-- userLogin2Test -->
      </class> <!-- TestLogin.LoginTest -->
    </test> <!-- /Users/liuzhe/Desktop/peixun/unittest/unittest/XunitDemo -->
  </suite> <!-- All Test Suite -->
</testng-results>
